<?xml version="1.0" encoding="UTF-8"?>
<robot generator="Robot 6.1.1 (Python 3.11.6 on linux)" generated="20231120 21:48:42.301" rpa="false" schemaversion="4">
<suite id="s1" name="Tests" source="/home/vasirvio/palautusrepositorio/viikko3/web-login/src/tests">
<suite id="s1-s1" name="Home" source="/home/vasirvio/palautusrepositorio/viikko3/web-login/src/tests/home.robot">
<kw name="Open And Configure Browser" library="resource" type="SETUP">
<kw name="Evaluate" library="BuiltIn">
<var>${options}</var>
<arg>sys.modules['selenium.webdriver'].ChromeOptions()</arg>
<arg>sys</arg>
<doc>Evaluates the given expression in Python and returns the result.</doc>
<msg timestamp="20231120 21:48:42.523" level="INFO">${options} = &lt;selenium.webdriver.chrome.options.Options object at 0x7f3b3f365910&gt;</msg>
<status status="PASS" starttime="20231120 21:48:42.523" endtime="20231120 21:48:42.523"/>
</kw>
<kw name="Call Method" library="BuiltIn">
<arg>${options}</arg>
<arg>add_argument</arg>
<arg>--no-sandbox</arg>
<doc>Calls the named method of the given object with the provided arguments.</doc>
<status status="PASS" starttime="20231120 21:48:42.523" endtime="20231120 21:48:42.523"/>
</kw>
<kw name="Open Browser" library="SeleniumLibrary">
<arg>browser=chrome</arg>
<arg>options=${options}</arg>
<doc>Opens a new browser instance to the optional ``url``.</doc>
<msg timestamp="20231120 21:48:42.524" level="INFO">Opening browser 'chrome' to base url 'None'.</msg>
<status status="PASS" starttime="20231120 21:48:42.523" endtime="20231120 21:48:44.966"/>
</kw>
<kw name="Set Selenium Speed" library="SeleniumLibrary">
<arg>${DELAY}</arg>
<doc>Sets the delay that is waited after each Selenium command.</doc>
<status status="PASS" starttime="20231120 21:48:44.966" endtime="20231120 21:48:44.966"/>
</kw>
<status status="PASS" starttime="20231120 21:48:42.523" endtime="20231120 21:48:44.967"/>
</kw>
<test id="s1-s1-t1" name="Click Login Link" line="8">
<kw name="Go To Starting Page" library="resource" type="SETUP">
<kw name="Go To" library="SeleniumLibrary">
<arg>${HOME_URL}</arg>
<doc>Navigates the current browser window to the provided ``url``.</doc>
<msg timestamp="20231120 21:48:44.986" level="INFO">Opening url 'http://localhost:5001'</msg>
<status status="PASS" starttime="20231120 21:48:44.985" endtime="20231120 21:48:45.756"/>
</kw>
<status status="PASS" starttime="20231120 21:48:44.975" endtime="20231120 21:48:45.756"/>
</kw>
<kw name="Click Link" library="SeleniumLibrary">
<arg>Login</arg>
<doc>Clicks a link identified by ``locator``.</doc>
<msg timestamp="20231120 21:48:45.757" level="INFO">Clicking link 'Login'.</msg>
<status status="PASS" starttime="20231120 21:48:45.756" endtime="20231120 21:48:47.853"/>
</kw>
<kw name="Login Page Should Be Open" library="resource">
<kw name="Title Should Be" library="SeleniumLibrary">
<arg>Login</arg>
<doc>Verifies that the current page title equals ``title``.</doc>
<msg timestamp="20231120 21:48:48.359" level="INFO">Page title is 'Login'.</msg>
<status status="PASS" starttime="20231120 21:48:47.854" endtime="20231120 21:48:48.360"/>
</kw>
<status status="PASS" starttime="20231120 21:48:47.853" endtime="20231120 21:48:48.360"/>
</kw>
<status status="PASS" starttime="20231120 21:48:44.967" endtime="20231120 21:48:48.360"/>
</test>
<test id="s1-s1-t2" name="Click Register Link" line="12">
<kw name="Go To Starting Page" library="resource" type="SETUP">
<kw name="Go To" library="SeleniumLibrary">
<arg>${HOME_URL}</arg>
<doc>Navigates the current browser window to the provided ``url``.</doc>
<msg timestamp="20231120 21:48:48.361" level="INFO">Opening url 'http://localhost:5001'</msg>
<status status="PASS" starttime="20231120 21:48:48.361" endtime="20231120 21:48:49.031"/>
</kw>
<status status="PASS" starttime="20231120 21:48:48.361" endtime="20231120 21:48:49.032"/>
</kw>
<kw name="Click Link" library="SeleniumLibrary">
<arg>Register new user</arg>
<doc>Clicks a link identified by ``locator``.</doc>
<msg timestamp="20231120 21:48:49.032" level="INFO">Clicking link 'Register new user'.</msg>
<status status="PASS" starttime="20231120 21:48:49.032" endtime="20231120 21:48:50.743"/>
</kw>
<kw name="Register Page Should Be Open" library="resource">
<kw name="Title Should Be" library="SeleniumLibrary">
<arg>Register</arg>
<doc>Verifies that the current page title equals ``title``.</doc>
<msg timestamp="20231120 21:48:51.248" level="INFO">Page title is 'Register'.</msg>
<status status="PASS" starttime="20231120 21:48:50.744" endtime="20231120 21:48:51.248"/>
</kw>
<status status="PASS" starttime="20231120 21:48:50.743" endtime="20231120 21:48:51.248"/>
</kw>
<status status="PASS" starttime="20231120 21:48:48.361" endtime="20231120 21:48:51.248"/>
</test>
<kw name="Close Browser" library="SeleniumLibrary" type="TEARDOWN">
<doc>Closes the current browser.</doc>
<status status="PASS" starttime="20231120 21:48:51.250" endtime="20231120 21:48:51.942"/>
</kw>
<status status="PASS" starttime="20231120 21:48:42.315" endtime="20231120 21:48:51.942"/>
</suite>
<suite id="s1-s2" name="Login" source="/home/vasirvio/palautusrepositorio/viikko3/web-login/src/tests/login.robot">
<kw name="Open And Configure Browser" library="resource" type="SETUP">
<kw name="Evaluate" library="BuiltIn">
<var>${options}</var>
<arg>sys.modules['selenium.webdriver'].ChromeOptions()</arg>
<arg>sys</arg>
<doc>Evaluates the given expression in Python and returns the result.</doc>
<msg timestamp="20231120 21:48:51.946" level="INFO">${options} = &lt;selenium.webdriver.chrome.options.Options object at 0x7f3b3f395950&gt;</msg>
<status status="PASS" starttime="20231120 21:48:51.946" endtime="20231120 21:48:51.946"/>
</kw>
<kw name="Call Method" library="BuiltIn">
<arg>${options}</arg>
<arg>add_argument</arg>
<arg>--no-sandbox</arg>
<doc>Calls the named method of the given object with the provided arguments.</doc>
<status status="PASS" starttime="20231120 21:48:51.946" endtime="20231120 21:48:51.946"/>
</kw>
<kw name="Open Browser" library="SeleniumLibrary">
<arg>browser=chrome</arg>
<arg>options=${options}</arg>
<doc>Opens a new browser instance to the optional ``url``.</doc>
<msg timestamp="20231120 21:48:51.946" level="INFO">Opening browser 'chrome' to base url 'None'.</msg>
<status status="PASS" starttime="20231120 21:48:51.946" endtime="20231120 21:48:54.461"/>
</kw>
<kw name="Set Selenium Speed" library="SeleniumLibrary">
<arg>${DELAY}</arg>
<doc>Sets the delay that is waited after each Selenium command.</doc>
<status status="PASS" starttime="20231120 21:48:54.461" endtime="20231120 21:48:54.461"/>
</kw>
<status status="PASS" starttime="20231120 21:48:51.946" endtime="20231120 21:48:54.461"/>
</kw>
<test id="s1-s2-t1" name="Login With Correct Credentials" line="8">
<kw name="Create User And Go To Login Page" type="SETUP">
<kw name="Create User" library="AppLibrary">
<arg>kalle</arg>
<arg>kalle123</arg>
<status status="PASS" starttime="20231120 21:48:54.462" endtime="20231120 21:48:54.487"/>
</kw>
<kw name="Go To Login Page" library="resource">
<kw name="Go To" library="SeleniumLibrary">
<arg>${LOGIN_URL}</arg>
<doc>Navigates the current browser window to the provided ``url``.</doc>
<msg timestamp="20231120 21:48:54.487" level="INFO">Opening url 'http://localhost:5001/login'</msg>
<status status="PASS" starttime="20231120 21:48:54.487" endtime="20231120 21:48:55.355"/>
</kw>
<status status="PASS" starttime="20231120 21:48:54.487" endtime="20231120 21:48:55.355"/>
</kw>
<kw name="Login Page Should Be Open" library="resource">
<kw name="Title Should Be" library="SeleniumLibrary">
<arg>Login</arg>
<doc>Verifies that the current page title equals ``title``.</doc>
<msg timestamp="20231120 21:48:55.861" level="INFO">Page title is 'Login'.</msg>
<status status="PASS" starttime="20231120 21:48:55.356" endtime="20231120 21:48:55.861"/>
</kw>
<status status="PASS" starttime="20231120 21:48:55.356" endtime="20231120 21:48:55.861"/>
</kw>
<status status="PASS" starttime="20231120 21:48:54.462" endtime="20231120 21:48:55.861"/>
</kw>
<kw name="Set Username">
<arg>kalle</arg>
<kw name="Input Text" library="SeleniumLibrary">
<arg>username</arg>
<arg>${username}</arg>
<doc>Types the given ``text`` into the text field identified by ``locator``.</doc>
<msg timestamp="20231120 21:48:55.862" level="INFO">Typing text 'kalle' into text field 'username'.</msg>
<status status="PASS" starttime="20231120 21:48:55.861" endtime="20231120 21:48:57.668"/>
</kw>
<status status="PASS" starttime="20231120 21:48:55.861" endtime="20231120 21:48:57.668"/>
</kw>
<kw name="Set Password">
<arg>kalle123</arg>
<kw name="Input Password" library="SeleniumLibrary">
<arg>password</arg>
<arg>${password}</arg>
<doc>Types the given password into the text field identified by ``locator``.</doc>
<msg timestamp="20231120 21:48:57.669" level="INFO">Typing password into text field 'password'.</msg>
<msg timestamp="20231120 21:48:58.717" level="INFO">Temporally setting log level to: NONE</msg>
<msg timestamp="20231120 21:48:59.312" level="INFO">Log level changed from NONE to INFO.</msg>
<status status="PASS" starttime="20231120 21:48:57.669" endtime="20231120 21:48:59.313"/>
</kw>
<status status="PASS" starttime="20231120 21:48:57.668" endtime="20231120 21:48:59.313"/>
</kw>
<kw name="Submit Credentials">
<kw name="Click Button" library="SeleniumLibrary">
<arg>Login</arg>
<doc>Clicks the button identified by ``locator``.</doc>
<msg timestamp="20231120 21:48:59.313" level="INFO">Clicking button 'Login'.</msg>
<status status="PASS" starttime="20231120 21:48:59.313" endtime="20231120 21:49:01.453"/>
</kw>
<status status="PASS" starttime="20231120 21:48:59.313" endtime="20231120 21:49:01.454"/>
</kw>
<kw name="Login Should Succeed">
<kw name="Main Page Should Be Open" library="resource">
<kw name="Title Should Be" library="SeleniumLibrary">
<arg>Ohtu Application main page</arg>
<doc>Verifies that the current page title equals ``title``.</doc>
<msg timestamp="20231120 21:49:01.958" level="INFO">Page title is 'Ohtu Application main page'.</msg>
<status status="PASS" starttime="20231120 21:49:01.454" endtime="20231120 21:49:01.958"/>
</kw>
<status status="PASS" starttime="20231120 21:49:01.454" endtime="20231120 21:49:01.958"/>
</kw>
<status status="PASS" starttime="20231120 21:49:01.454" endtime="20231120 21:49:01.958"/>
</kw>
<status status="PASS" starttime="20231120 21:48:54.462" endtime="20231120 21:49:01.959"/>
</test>
<test id="s1-s2-t2" name="Login With Incorrect Password" line="14">
<kw name="Create User And Go To Login Page" type="SETUP">
<kw name="Create User" library="AppLibrary">
<arg>kalle</arg>
<arg>kalle123</arg>
<status status="PASS" starttime="20231120 21:49:01.960" endtime="20231120 21:49:01.967"/>
</kw>
<kw name="Go To Login Page" library="resource">
<kw name="Go To" library="SeleniumLibrary">
<arg>${LOGIN_URL}</arg>
<doc>Navigates the current browser window to the provided ``url``.</doc>
<msg timestamp="20231120 21:49:01.967" level="INFO">Opening url 'http://localhost:5001/login'</msg>
<status status="PASS" starttime="20231120 21:49:01.967" endtime="20231120 21:49:02.585"/>
</kw>
<status status="PASS" starttime="20231120 21:49:01.967" endtime="20231120 21:49:02.585"/>
</kw>
<kw name="Login Page Should Be Open" library="resource">
<kw name="Title Should Be" library="SeleniumLibrary">
<arg>Login</arg>
<doc>Verifies that the current page title equals ``title``.</doc>
<msg timestamp="20231120 21:49:03.090" level="INFO">Page title is 'Login'.</msg>
<status status="PASS" starttime="20231120 21:49:02.586" endtime="20231120 21:49:03.090"/>
</kw>
<status status="PASS" starttime="20231120 21:49:02.586" endtime="20231120 21:49:03.090"/>
</kw>
<status status="PASS" starttime="20231120 21:49:01.959" endtime="20231120 21:49:03.090"/>
</kw>
<kw name="Set Username">
<arg>kalle</arg>
<kw name="Input Text" library="SeleniumLibrary">
<arg>username</arg>
<arg>${username}</arg>
<doc>Types the given ``text`` into the text field identified by ``locator``.</doc>
<msg timestamp="20231120 21:49:03.091" level="INFO">Typing text 'kalle' into text field 'username'.</msg>
<status status="PASS" starttime="20231120 21:49:03.091" endtime="20231120 21:49:04.803"/>
</kw>
<status status="PASS" starttime="20231120 21:49:03.090" endtime="20231120 21:49:04.803"/>
</kw>
<kw name="Set Password">
<arg>kalle456</arg>
<kw name="Input Password" library="SeleniumLibrary">
<arg>password</arg>
<arg>${password}</arg>
<doc>Types the given password into the text field identified by ``locator``.</doc>
<msg timestamp="20231120 21:49:04.804" level="INFO">Typing password into text field 'password'.</msg>
<msg timestamp="20231120 21:49:05.860" level="INFO">Temporally setting log level to: NONE</msg>
<msg timestamp="20231120 21:49:06.463" level="INFO">Log level changed from NONE to INFO.</msg>
<status status="PASS" starttime="20231120 21:49:04.804" endtime="20231120 21:49:06.464"/>
</kw>
<status status="PASS" starttime="20231120 21:49:04.803" endtime="20231120 21:49:06.464"/>
</kw>
<kw name="Submit Credentials">
<kw name="Click Button" library="SeleniumLibrary">
<arg>Login</arg>
<doc>Clicks the button identified by ``locator``.</doc>
<msg timestamp="20231120 21:49:06.464" level="INFO">Clicking button 'Login'.</msg>
<status status="PASS" starttime="20231120 21:49:06.464" endtime="20231120 21:49:08.618"/>
</kw>
<status status="PASS" starttime="20231120 21:49:06.464" endtime="20231120 21:49:08.618"/>
</kw>
<kw name="Login Should Fail With Message">
<arg>Invalid username or password</arg>
<kw name="Login Page Should Be Open" library="resource">
<kw name="Title Should Be" library="SeleniumLibrary">
<arg>Login</arg>
<doc>Verifies that the current page title equals ``title``.</doc>
<msg timestamp="20231120 21:49:09.123" level="INFO">Page title is 'Login'.</msg>
<status status="PASS" starttime="20231120 21:49:08.619" endtime="20231120 21:49:09.123"/>
</kw>
<status status="PASS" starttime="20231120 21:49:08.619" endtime="20231120 21:49:09.123"/>
</kw>
<kw name="Page Should Contain" library="SeleniumLibrary">
<arg>${message}</arg>
<doc>Verifies that current page contains ``text``.</doc>
<msg timestamp="20231120 21:49:10.138" level="INFO">Current page contains text 'Invalid username or password'.</msg>
<status status="PASS" starttime="20231120 21:49:09.123" endtime="20231120 21:49:10.138"/>
</kw>
<status status="PASS" starttime="20231120 21:49:08.618" endtime="20231120 21:49:10.138"/>
</kw>
<status status="PASS" starttime="20231120 21:49:01.959" endtime="20231120 21:49:10.139"/>
</test>
<test id="s1-s2-t3" name="Login With Nonexistent Username" line="20">
<kw name="Create User And Go To Login Page" type="SETUP">
<kw name="Create User" library="AppLibrary">
<arg>kalle</arg>
<arg>kalle123</arg>
<status status="PASS" starttime="20231120 21:49:10.140" endtime="20231120 21:49:10.146"/>
</kw>
<kw name="Go To Login Page" library="resource">
<kw name="Go To" library="SeleniumLibrary">
<arg>${LOGIN_URL}</arg>
<doc>Navigates the current browser window to the provided ``url``.</doc>
<msg timestamp="20231120 21:49:10.147" level="INFO">Opening url 'http://localhost:5001/login'</msg>
<status status="PASS" starttime="20231120 21:49:10.147" endtime="20231120 21:49:10.768"/>
</kw>
<status status="PASS" starttime="20231120 21:49:10.147" endtime="20231120 21:49:10.769"/>
</kw>
<kw name="Login Page Should Be Open" library="resource">
<kw name="Title Should Be" library="SeleniumLibrary">
<arg>Login</arg>
<doc>Verifies that the current page title equals ``title``.</doc>
<msg timestamp="20231120 21:49:11.273" level="INFO">Page title is 'Login'.</msg>
<status status="PASS" starttime="20231120 21:49:10.769" endtime="20231120 21:49:11.273"/>
</kw>
<status status="PASS" starttime="20231120 21:49:10.769" endtime="20231120 21:49:11.273"/>
</kw>
<status status="PASS" starttime="20231120 21:49:10.139" endtime="20231120 21:49:11.273"/>
</kw>
<kw name="Set Username">
<arg>kall</arg>
<kw name="Input Text" library="SeleniumLibrary">
<arg>username</arg>
<arg>${username}</arg>
<doc>Types the given ``text`` into the text field identified by ``locator``.</doc>
<msg timestamp="20231120 21:49:11.274" level="INFO">Typing text 'kall' into text field 'username'.</msg>
<status status="PASS" starttime="20231120 21:49:11.274" endtime="20231120 21:49:12.914"/>
</kw>
<status status="PASS" starttime="20231120 21:49:11.274" endtime="20231120 21:49:12.915"/>
</kw>
<kw name="Set Password">
<arg>kalle456</arg>
<kw name="Input Password" library="SeleniumLibrary">
<arg>password</arg>
<arg>${password}</arg>
<doc>Types the given password into the text field identified by ``locator``.</doc>
<msg timestamp="20231120 21:49:12.916" level="INFO">Typing password into text field 'password'.</msg>
<msg timestamp="20231120 21:49:13.950" level="INFO">Temporally setting log level to: NONE</msg>
<msg timestamp="20231120 21:49:14.566" level="INFO">Log level changed from NONE to INFO.</msg>
<status status="PASS" starttime="20231120 21:49:12.915" endtime="20231120 21:49:14.566"/>
</kw>
<status status="PASS" starttime="20231120 21:49:12.915" endtime="20231120 21:49:14.566"/>
</kw>
<kw name="Submit Credentials">
<kw name="Click Button" library="SeleniumLibrary">
<arg>Login</arg>
<doc>Clicks the button identified by ``locator``.</doc>
<msg timestamp="20231120 21:49:14.567" level="INFO">Clicking button 'Login'.</msg>
<status status="PASS" starttime="20231120 21:49:14.567" endtime="20231120 21:49:16.724"/>
</kw>
<status status="PASS" starttime="20231120 21:49:14.566" endtime="20231120 21:49:16.724"/>
</kw>
<kw name="Login Should Fail With Message">
<arg>Invalid username or password</arg>
<kw name="Login Page Should Be Open" library="resource">
<kw name="Title Should Be" library="SeleniumLibrary">
<arg>Login</arg>
<doc>Verifies that the current page title equals ``title``.</doc>
<msg timestamp="20231120 21:49:17.229" level="INFO">Page title is 'Login'.</msg>
<status status="PASS" starttime="20231120 21:49:16.725" endtime="20231120 21:49:17.230"/>
</kw>
<status status="PASS" starttime="20231120 21:49:16.725" endtime="20231120 21:49:17.230"/>
</kw>
<kw name="Page Should Contain" library="SeleniumLibrary">
<arg>${message}</arg>
<doc>Verifies that current page contains ``text``.</doc>
<msg timestamp="20231120 21:49:18.242" level="INFO">Current page contains text 'Invalid username or password'.</msg>
<status status="PASS" starttime="20231120 21:49:17.230" endtime="20231120 21:49:18.242"/>
</kw>
<status status="PASS" starttime="20231120 21:49:16.725" endtime="20231120 21:49:18.242"/>
</kw>
<status status="PASS" starttime="20231120 21:49:10.139" endtime="20231120 21:49:18.243"/>
</test>
<kw name="Close Browser" library="SeleniumLibrary" type="TEARDOWN">
<doc>Closes the current browser.</doc>
<status status="PASS" starttime="20231120 21:49:18.243" endtime="20231120 21:49:18.939"/>
</kw>
<status status="PASS" starttime="20231120 21:48:51.943" endtime="20231120 21:49:18.939"/>
</suite>
<status status="PASS" starttime="20231120 21:48:42.302" endtime="20231120 21:49:18.940"/>
</suite>
<statistics>
<total>
<stat pass="5" fail="0" skip="0">All Tests</stat>
</total>
<tag>
</tag>
<suite>
<stat pass="5" fail="0" skip="0" id="s1" name="Tests">Tests</stat>
<stat pass="2" fail="0" skip="0" id="s1-s1" name="Home">Tests.Home</stat>
<stat pass="3" fail="0" skip="0" id="s1-s2" name="Login">Tests.Login</stat>
</suite>
</statistics>
<errors>
</errors>
</robot>
