<?xml version="1.0" encoding="UTF-8"?>
<robot generator="Robot 6.1.1 (Python 3.11.6 on linux)" generated="20231120 21:41:46.972" rpa="false" schemaversion="4">
<suite id="s1" name="Tests" source="/home/vasirvio/palautusrepositorio/viikko3/web-login/src/tests">
<suite id="s1-s1" name="Home" source="/home/vasirvio/palautusrepositorio/viikko3/web-login/src/tests/home.robot">
<kw name="Open And Configure Browser" library="resource" type="SETUP">
<kw name="Evaluate" library="BuiltIn">
<var>${options}</var>
<arg>sys.modules['selenium.webdriver'].ChromeOptions()</arg>
<arg>sys</arg>
<doc>Evaluates the given expression in Python and returns the result.</doc>
<msg timestamp="20231120 21:41:47.209" level="INFO">${options} = &lt;selenium.webdriver.chrome.options.Options object at 0x7f779b21e990&gt;</msg>
<status status="PASS" starttime="20231120 21:41:47.209" endtime="20231120 21:41:47.209"/>
</kw>
<kw name="Call Method" library="BuiltIn">
<arg>${options}</arg>
<arg>add_argument</arg>
<arg>--no-sandbox</arg>
<doc>Calls the named method of the given object with the provided arguments.</doc>
<status status="PASS" starttime="20231120 21:41:47.209" endtime="20231120 21:41:47.209"/>
</kw>
<kw name="Open Browser" library="SeleniumLibrary">
<arg>browser=chrome</arg>
<arg>options=${options}</arg>
<doc>Opens a new browser instance to the optional ``url``.</doc>
<msg timestamp="20231120 21:41:47.209" level="INFO">Opening browser 'chrome' to base url 'None'.</msg>
<status status="PASS" starttime="20231120 21:41:47.209" endtime="20231120 21:41:49.629"/>
</kw>
<kw name="Set Selenium Speed" library="SeleniumLibrary">
<arg>${DELAY}</arg>
<doc>Sets the delay that is waited after each Selenium command.</doc>
<status status="PASS" starttime="20231120 21:41:49.629" endtime="20231120 21:41:49.630"/>
</kw>
<status status="PASS" starttime="20231120 21:41:47.208" endtime="20231120 21:41:49.630"/>
</kw>
<test id="s1-s1-t1" name="Click Login Link" line="8">
<kw name="Go To Starting Page" library="resource" type="SETUP">
<kw name="Go To" library="SeleniumLibrary">
<arg>${HOME_URL}</arg>
<doc>Navigates the current browser window to the provided ``url``.</doc>
<msg timestamp="20231120 21:41:49.660" level="INFO">Opening url 'http://localhost:5001'</msg>
<status status="PASS" starttime="20231120 21:41:49.658" endtime="20231120 21:41:50.412"/>
</kw>
<status status="PASS" starttime="20231120 21:41:49.645" endtime="20231120 21:41:50.412"/>
</kw>
<kw name="Click Link" library="SeleniumLibrary">
<arg>Login</arg>
<doc>Clicks a link identified by ``locator``.</doc>
<msg timestamp="20231120 21:41:50.413" level="INFO">Clicking link 'Login'.</msg>
<status status="PASS" starttime="20231120 21:41:50.412" endtime="20231120 21:41:52.464"/>
</kw>
<kw name="Login Page Should Be Open" library="resource">
<kw name="Title Should Be" library="SeleniumLibrary">
<arg>Login</arg>
<doc>Verifies that the current page title equals ``title``.</doc>
<msg timestamp="20231120 21:41:52.970" level="INFO">Page title is 'Login'.</msg>
<status status="PASS" starttime="20231120 21:41:52.465" endtime="20231120 21:41:52.970"/>
</kw>
<status status="PASS" starttime="20231120 21:41:52.464" endtime="20231120 21:41:52.970"/>
</kw>
<status status="PASS" starttime="20231120 21:41:49.630" endtime="20231120 21:41:52.970"/>
</test>
<test id="s1-s1-t2" name="Click Register Link" line="12">
<kw name="Go To Starting Page" library="resource" type="SETUP">
<kw name="Go To" library="SeleniumLibrary">
<arg>${HOME_URL}</arg>
<doc>Navigates the current browser window to the provided ``url``.</doc>
<msg timestamp="20231120 21:41:52.971" level="INFO">Opening url 'http://localhost:5001'</msg>
<status status="PASS" starttime="20231120 21:41:52.971" endtime="20231120 21:41:53.563"/>
</kw>
<status status="PASS" starttime="20231120 21:41:52.971" endtime="20231120 21:41:53.563"/>
</kw>
<kw name="Click Link" library="SeleniumLibrary">
<arg>Register new user</arg>
<doc>Clicks a link identified by ``locator``.</doc>
<msg timestamp="20231120 21:41:53.564" level="INFO">Clicking link 'Register new user'.</msg>
<status status="PASS" starttime="20231120 21:41:53.563" endtime="20231120 21:41:55.264"/>
</kw>
<kw name="Register Page Should Be Open" library="resource">
<kw name="Title Should Be" library="SeleniumLibrary">
<arg>Register</arg>
<doc>Verifies that the current page title equals ``title``.</doc>
<msg timestamp="20231120 21:41:55.768" level="INFO">Page title is 'Register'.</msg>
<status status="PASS" starttime="20231120 21:41:55.264" endtime="20231120 21:41:55.769"/>
</kw>
<status status="PASS" starttime="20231120 21:41:55.264" endtime="20231120 21:41:55.769"/>
</kw>
<status status="PASS" starttime="20231120 21:41:52.971" endtime="20231120 21:41:55.769"/>
</test>
<kw name="Close Browser" library="SeleniumLibrary" type="TEARDOWN">
<doc>Closes the current browser.</doc>
<status status="PASS" starttime="20231120 21:41:55.770" endtime="20231120 21:41:56.460"/>
</kw>
<status status="PASS" starttime="20231120 21:41:46.989" endtime="20231120 21:41:56.460"/>
</suite>
<suite id="s1-s2" name="Login" source="/home/vasirvio/palautusrepositorio/viikko3/web-login/src/tests/login.robot">
<kw name="Open And Configure Browser" library="resource" type="SETUP">
<kw name="Evaluate" library="BuiltIn">
<var>${options}</var>
<arg>sys.modules['selenium.webdriver'].ChromeOptions()</arg>
<arg>sys</arg>
<doc>Evaluates the given expression in Python and returns the result.</doc>
<msg timestamp="20231120 21:41:56.464" level="INFO">${options} = &lt;selenium.webdriver.chrome.options.Options object at 0x7f779b9d9350&gt;</msg>
<status status="PASS" starttime="20231120 21:41:56.464" endtime="20231120 21:41:56.464"/>
</kw>
<kw name="Call Method" library="BuiltIn">
<arg>${options}</arg>
<arg>add_argument</arg>
<arg>--no-sandbox</arg>
<doc>Calls the named method of the given object with the provided arguments.</doc>
<status status="PASS" starttime="20231120 21:41:56.464" endtime="20231120 21:41:56.464"/>
</kw>
<kw name="Open Browser" library="SeleniumLibrary">
<arg>browser=chrome</arg>
<arg>options=${options}</arg>
<doc>Opens a new browser instance to the optional ``url``.</doc>
<msg timestamp="20231120 21:41:56.464" level="INFO">Opening browser 'chrome' to base url 'None'.</msg>
<status status="PASS" starttime="20231120 21:41:56.464" endtime="20231120 21:41:58.939"/>
</kw>
<kw name="Set Selenium Speed" library="SeleniumLibrary">
<arg>${DELAY}</arg>
<doc>Sets the delay that is waited after each Selenium command.</doc>
<status status="PASS" starttime="20231120 21:41:58.940" endtime="20231120 21:41:58.940"/>
</kw>
<status status="PASS" starttime="20231120 21:41:56.463" endtime="20231120 21:41:58.940"/>
</kw>
<test id="s1-s2-t1" name="Login With Correct Credentials" line="8">
<kw name="Create User And Go To Login Page" type="SETUP">
<kw name="Create User" library="AppLibrary">
<arg>kalle</arg>
<arg>kalle123</arg>
<status status="PASS" starttime="20231120 21:41:58.940" endtime="20231120 21:41:58.968"/>
</kw>
<kw name="Go To Login Page" library="resource">
<kw name="Go To" library="SeleniumLibrary">
<arg>${LOGIN_URL}</arg>
<doc>Navigates the current browser window to the provided ``url``.</doc>
<msg timestamp="20231120 21:41:58.968" level="INFO">Opening url 'http://localhost:5001/login'</msg>
<status status="PASS" starttime="20231120 21:41:58.968" endtime="20231120 21:41:59.804"/>
</kw>
<status status="PASS" starttime="20231120 21:41:58.968" endtime="20231120 21:41:59.804"/>
</kw>
<kw name="Login Page Should Be Open" library="resource">
<kw name="Title Should Be" library="SeleniumLibrary">
<arg>Login</arg>
<doc>Verifies that the current page title equals ``title``.</doc>
<msg timestamp="20231120 21:42:00.311" level="INFO">Page title is 'Login'.</msg>
<status status="PASS" starttime="20231120 21:41:59.805" endtime="20231120 21:42:00.311"/>
</kw>
<status status="PASS" starttime="20231120 21:41:59.804" endtime="20231120 21:42:00.311"/>
</kw>
<status status="PASS" starttime="20231120 21:41:58.940" endtime="20231120 21:42:00.311"/>
</kw>
<kw name="Set Username">
<arg>kalle</arg>
<kw name="Input Text" library="SeleniumLibrary">
<arg>username</arg>
<arg>${username}</arg>
<doc>Types the given ``text`` into the text field identified by ``locator``.</doc>
<msg timestamp="20231120 21:42:00.312" level="INFO">Typing text 'kalle' into text field 'username'.</msg>
<status status="PASS" starttime="20231120 21:42:00.312" endtime="20231120 21:42:02.095"/>
</kw>
<status status="PASS" starttime="20231120 21:42:00.311" endtime="20231120 21:42:02.095"/>
</kw>
<kw name="Set Password">
<arg>kalle123</arg>
<kw name="Input Password" library="SeleniumLibrary">
<arg>password</arg>
<arg>${password}</arg>
<doc>Types the given password into the text field identified by ``locator``.</doc>
<msg timestamp="20231120 21:42:02.096" level="INFO">Typing password into text field 'password'.</msg>
<msg timestamp="20231120 21:42:03.145" level="INFO">Temporally setting log level to: NONE</msg>
<msg timestamp="20231120 21:42:03.790" level="INFO">Log level changed from NONE to INFO.</msg>
<status status="PASS" starttime="20231120 21:42:02.095" endtime="20231120 21:42:03.790"/>
</kw>
<status status="PASS" starttime="20231120 21:42:02.095" endtime="20231120 21:42:03.790"/>
</kw>
<kw name="Submit Credentials">
<kw name="Click Button" library="SeleniumLibrary">
<arg>Login</arg>
<doc>Clicks the button identified by ``locator``.</doc>
<msg timestamp="20231120 21:42:03.791" level="INFO">Clicking button 'Login'.</msg>
<status status="PASS" starttime="20231120 21:42:03.790" endtime="20231120 21:42:05.934"/>
</kw>
<status status="PASS" starttime="20231120 21:42:03.790" endtime="20231120 21:42:05.934"/>
</kw>
<kw name="Login Should Succeed">
<kw name="Main Page Should Be Open" library="resource">
<kw name="Title Should Be" library="SeleniumLibrary">
<arg>Ohtu Application main page</arg>
<doc>Verifies that the current page title equals ``title``.</doc>
<msg timestamp="20231120 21:42:06.439" level="INFO">Page title is 'Ohtu Application main page'.</msg>
<status status="PASS" starttime="20231120 21:42:05.935" endtime="20231120 21:42:06.439"/>
</kw>
<status status="PASS" starttime="20231120 21:42:05.934" endtime="20231120 21:42:06.439"/>
</kw>
<status status="PASS" starttime="20231120 21:42:05.934" endtime="20231120 21:42:06.439"/>
</kw>
<status status="PASS" starttime="20231120 21:41:58.940" endtime="20231120 21:42:06.439"/>
</test>
<test id="s1-s2-t2" name="Login With Incorrect Password" line="14">
<kw name="Create User And Go To Login Page" type="SETUP">
<kw name="Create User" library="AppLibrary">
<arg>kalle</arg>
<arg>kalle123</arg>
<status status="PASS" starttime="20231120 21:42:06.440" endtime="20231120 21:42:06.448"/>
</kw>
<kw name="Go To Login Page" library="resource">
<kw name="Go To" library="SeleniumLibrary">
<arg>${LOGIN_URL}</arg>
<doc>Navigates the current browser window to the provided ``url``.</doc>
<msg timestamp="20231120 21:42:06.449" level="INFO">Opening url 'http://localhost:5001/login'</msg>
<status status="PASS" starttime="20231120 21:42:06.449" endtime="20231120 21:42:07.048"/>
</kw>
<status status="PASS" starttime="20231120 21:42:06.448" endtime="20231120 21:42:07.048"/>
</kw>
<kw name="Login Page Should Be Open" library="resource">
<kw name="Title Should Be" library="SeleniumLibrary">
<arg>Login</arg>
<doc>Verifies that the current page title equals ``title``.</doc>
<msg timestamp="20231120 21:42:07.559" level="INFO">Page title is 'Login'.</msg>
<status status="PASS" starttime="20231120 21:42:07.048" endtime="20231120 21:42:07.559"/>
</kw>
<status status="PASS" starttime="20231120 21:42:07.048" endtime="20231120 21:42:07.559"/>
</kw>
<status status="PASS" starttime="20231120 21:42:06.440" endtime="20231120 21:42:07.559"/>
</kw>
<kw name="Set Username">
<arg>kalle</arg>
<kw name="Input Text" library="SeleniumLibrary">
<arg>username</arg>
<arg>${username}</arg>
<doc>Types the given ``text`` into the text field identified by ``locator``.</doc>
<msg timestamp="20231120 21:42:07.560" level="INFO">Typing text 'kalle' into text field 'username'.</msg>
<status status="PASS" starttime="20231120 21:42:07.560" endtime="20231120 21:42:09.279"/>
</kw>
<status status="PASS" starttime="20231120 21:42:07.560" endtime="20231120 21:42:09.279"/>
</kw>
<kw name="Set Password">
<arg>kalle456</arg>
<kw name="Input Password" library="SeleniumLibrary">
<arg>password</arg>
<arg>${password}</arg>
<doc>Types the given password into the text field identified by ``locator``.</doc>
<msg timestamp="20231120 21:42:09.280" level="INFO">Typing password into text field 'password'.</msg>
<msg timestamp="20231120 21:42:10.371" level="INFO">Temporally setting log level to: NONE</msg>
<msg timestamp="20231120 21:42:11.063" level="INFO">Log level changed from NONE to INFO.</msg>
<status status="PASS" starttime="20231120 21:42:09.280" endtime="20231120 21:42:11.063"/>
</kw>
<status status="PASS" starttime="20231120 21:42:09.279" endtime="20231120 21:42:11.063"/>
</kw>
<kw name="Submit Credentials">
<kw name="Click Button" library="SeleniumLibrary">
<arg>Login</arg>
<doc>Clicks the button identified by ``locator``.</doc>
<msg timestamp="20231120 21:42:11.064" level="INFO">Clicking button 'Login'.</msg>
<status status="PASS" starttime="20231120 21:42:11.064" endtime="20231120 21:42:13.201"/>
</kw>
<status status="PASS" starttime="20231120 21:42:11.063" endtime="20231120 21:42:13.202"/>
</kw>
<kw name="Login Should Fail With Message">
<arg>Invalid username or password</arg>
<kw name="Login Page Should Be Open" library="resource">
<kw name="Title Should Be" library="SeleniumLibrary">
<arg>Login</arg>
<doc>Verifies that the current page title equals ``title``.</doc>
<msg timestamp="20231120 21:42:13.707" level="INFO">Page title is 'Login'.</msg>
<status status="PASS" starttime="20231120 21:42:13.202" endtime="20231120 21:42:13.707"/>
</kw>
<status status="PASS" starttime="20231120 21:42:13.202" endtime="20231120 21:42:13.707"/>
</kw>
<kw name="Page Should Contain" library="SeleniumLibrary">
<arg>${message}</arg>
<doc>Verifies that current page contains ``text``.</doc>
<msg timestamp="20231120 21:42:14.721" level="INFO">Current page contains text 'Invalid username or password'.</msg>
<status status="PASS" starttime="20231120 21:42:13.707" endtime="20231120 21:42:14.721"/>
</kw>
<status status="PASS" starttime="20231120 21:42:13.202" endtime="20231120 21:42:14.721"/>
</kw>
<status status="PASS" starttime="20231120 21:42:06.440" endtime="20231120 21:42:14.722"/>
</test>
<kw name="Close Browser" library="SeleniumLibrary" type="TEARDOWN">
<doc>Closes the current browser.</doc>
<status status="PASS" starttime="20231120 21:42:14.722" endtime="20231120 21:42:15.410"/>
</kw>
<status status="PASS" starttime="20231120 21:41:56.461" endtime="20231120 21:42:15.410"/>
</suite>
<status status="PASS" starttime="20231120 21:41:46.973" endtime="20231120 21:42:15.411"/>
</suite>
<statistics>
<total>
<stat pass="4" fail="0" skip="0">All Tests</stat>
</total>
<tag>
</tag>
<suite>
<stat pass="4" fail="0" skip="0" id="s1" name="Tests">Tests</stat>
<stat pass="2" fail="0" skip="0" id="s1-s1" name="Home">Tests.Home</stat>
<stat pass="2" fail="0" skip="0" id="s1-s2" name="Login">Tests.Login</stat>
</suite>
</statistics>
<errors>
</errors>
</robot>
