<?xml version="1.0" encoding="UTF-8"?>
<robot generator="Robot 6.1.1 (Python 3.11.6 on linux)" generated="20231120 19:25:54.926" rpa="false" schemaversion="4">
<suite id="s1" name="Tests" source="/home/vasirvio/palautusrepositorio/viikko3/login-robot/src/tests">
<suite id="s1-s1" name="Login" source="/home/vasirvio/palautusrepositorio/viikko3/login-robot/src/tests/login.robot">
<test id="s1-s1-t1" name="Login With Correct Credentials" line="6">
<kw name="Create User And Input Login Command" type="SETUP">
<kw name="Create User" library="AppLibrary">
<arg>kalle</arg>
<arg>kalle123</arg>
<status status="PASS" starttime="20231120 19:25:54.947" endtime="20231120 19:25:54.947"/>
</kw>
<kw name="Input Login Command" library="resource">
<kw name="Input" library="AppLibrary">
<arg>login</arg>
<status status="PASS" starttime="20231120 19:25:54.947" endtime="20231120 19:25:54.947"/>
</kw>
<status status="PASS" starttime="20231120 19:25:54.947" endtime="20231120 19:25:54.947"/>
</kw>
<status status="PASS" starttime="20231120 19:25:54.946" endtime="20231120 19:25:54.947"/>
</kw>
<kw name="Input Credentials" library="resource">
<arg>kalle</arg>
<arg>kalle123</arg>
<kw name="Input" library="AppLibrary">
<arg>${username}</arg>
<status status="PASS" starttime="20231120 19:25:54.947" endtime="20231120 19:25:54.947"/>
</kw>
<kw name="Input" library="AppLibrary">
<arg>${password}</arg>
<status status="PASS" starttime="20231120 19:25:54.947" endtime="20231120 19:25:54.948"/>
</kw>
<kw name="Run Application" library="AppLibrary">
<status status="PASS" starttime="20231120 19:25:54.948" endtime="20231120 19:25:54.948"/>
</kw>
<status status="PASS" starttime="20231120 19:25:54.947" endtime="20231120 19:25:54.948"/>
</kw>
<kw name="Output Should Contain" library="AppLibrary">
<arg>Logged in</arg>
<status status="PASS" starttime="20231120 19:25:54.948" endtime="20231120 19:25:54.948"/>
</kw>
<status status="PASS" starttime="20231120 19:25:54.946" endtime="20231120 19:25:54.948"/>
</test>
<test id="s1-s1-t2" name="Login With Incorrect Password" line="10">
<kw name="Create User And Input Login Command" type="SETUP">
<kw name="Create User" library="AppLibrary">
<arg>kalle</arg>
<arg>kalle123</arg>
<status status="PASS" starttime="20231120 19:25:54.949" endtime="20231120 19:25:54.949"/>
</kw>
<kw name="Input Login Command" library="resource">
<kw name="Input" library="AppLibrary">
<arg>login</arg>
<status status="PASS" starttime="20231120 19:25:54.949" endtime="20231120 19:25:54.949"/>
</kw>
<status status="PASS" starttime="20231120 19:25:54.949" endtime="20231120 19:25:54.949"/>
</kw>
<status status="PASS" starttime="20231120 19:25:54.949" endtime="20231120 19:25:54.949"/>
</kw>
<kw name="Input Credentials" library="resource">
<arg>kalle</arg>
<arg>kalle12</arg>
<kw name="Input" library="AppLibrary">
<arg>${username}</arg>
<status status="PASS" starttime="20231120 19:25:54.949" endtime="20231120 19:25:54.949"/>
</kw>
<kw name="Input" library="AppLibrary">
<arg>${password}</arg>
<status status="PASS" starttime="20231120 19:25:54.949" endtime="20231120 19:25:54.950"/>
</kw>
<kw name="Run Application" library="AppLibrary">
<status status="PASS" starttime="20231120 19:25:54.950" endtime="20231120 19:25:54.950"/>
</kw>
<status status="PASS" starttime="20231120 19:25:54.949" endtime="20231120 19:25:54.950"/>
</kw>
<kw name="Output Should Contain" library="AppLibrary">
<arg>Invalid username or password</arg>
<status status="PASS" starttime="20231120 19:25:54.950" endtime="20231120 19:25:54.950"/>
</kw>
<status status="PASS" starttime="20231120 19:25:54.948" endtime="20231120 19:25:54.950"/>
</test>
<test id="s1-s1-t3" name="Login With Nonexistent Username" line="14">
<kw name="Create User And Input Login Command" type="SETUP">
<kw name="Create User" library="AppLibrary">
<arg>kalle</arg>
<arg>kalle123</arg>
<status status="PASS" starttime="20231120 19:25:54.951" endtime="20231120 19:25:54.952"/>
</kw>
<kw name="Input Login Command" library="resource">
<kw name="Input" library="AppLibrary">
<arg>login</arg>
<status status="PASS" starttime="20231120 19:25:54.952" endtime="20231120 19:25:54.952"/>
</kw>
<status status="PASS" starttime="20231120 19:25:54.952" endtime="20231120 19:25:54.952"/>
</kw>
<status status="PASS" starttime="20231120 19:25:54.951" endtime="20231120 19:25:54.952"/>
</kw>
<kw name="Input Credentials" library="resource">
<arg>kall</arg>
<arg>kalle123</arg>
<kw name="Input" library="AppLibrary">
<arg>${username}</arg>
<status status="PASS" starttime="20231120 19:25:54.952" endtime="20231120 19:25:54.952"/>
</kw>
<kw name="Input" library="AppLibrary">
<arg>${password}</arg>
<status status="PASS" starttime="20231120 19:25:54.952" endtime="20231120 19:25:54.953"/>
</kw>
<kw name="Run Application" library="AppLibrary">
<status status="PASS" starttime="20231120 19:25:54.953" endtime="20231120 19:25:54.953"/>
</kw>
<status status="PASS" starttime="20231120 19:25:54.952" endtime="20231120 19:25:54.953"/>
</kw>
<kw name="Output Should Contain" library="AppLibrary">
<arg>Invalid username or password</arg>
<status status="PASS" starttime="20231120 19:25:54.953" endtime="20231120 19:25:54.953"/>
</kw>
<status status="PASS" starttime="20231120 19:25:54.950" endtime="20231120 19:25:54.953"/>
</test>
<status status="PASS" starttime="20231120 19:25:54.942" endtime="20231120 19:25:54.953"/>
</suite>
<status status="PASS" starttime="20231120 19:25:54.927" endtime="20231120 19:25:54.954"/>
</suite>
<statistics>
<total>
<stat pass="3" fail="0" skip="0">All Tests</stat>
</total>
<tag>
</tag>
<suite>
<stat pass="3" fail="0" skip="0" id="s1" name="Tests">Tests</stat>
<stat pass="3" fail="0" skip="0" id="s1-s1" name="Login">Tests.Login</stat>
</suite>
</statistics>
<errors>
</errors>
</robot>
